2019-08-06 15:20:41.942 [main] INFO  com.polycis.tcpservice.TcpserviceApplication - Starting TcpserviceApplication on zhouwenyu with PID 18952 (F:\JavaProject\tcpservice\target\classes started by Administrator in F:\JavaProject\tcpservice)
2019-08-06 15:20:42.003 [main] INFO  com.polycis.tcpservice.TcpserviceApplication - No active profile set, falling back to default profiles: default
2019-08-06 15:20:43.826 [main] INFO  org.apache.catalina.core.StandardService - Starting service [Tomcat]
2019-08-06 15:20:43.827 [main] INFO  org.apache.catalina.core.StandardEngine - Starting Servlet engine: [Apache Tomcat/9.0.21]
2019-08-06 15:20:43.953 [main] INFO  o.a.c.core.ContainerBase.[Tomcat].[localhost].[/] - Initializing Spring embedded WebApplicationContext
2019-08-06 15:20:44.119 [main] INFO  com.zaxxer.hikari.HikariDataSource - HikariPool-1 - Starting...
2019-08-06 15:20:44.270 [main] INFO  com.zaxxer.hikari.HikariDataSource - HikariPool-1 - Start completed.
2019-08-06 15:20:44.425 [main] INFO  org.hibernate.jpa.internal.util.LogHelper - HHH000204: Processing PersistenceUnitInfo [
	name: default
	...]
2019-08-06 15:20:44.506 [main] INFO  org.hibernate.Version - HHH000412: Hibernate Core {5.3.10.Final}
2019-08-06 15:20:44.509 [main] INFO  org.hibernate.cfg.Environment - HHH000206: hibernate.properties not found
2019-08-06 15:20:44.659 [main] INFO  org.hibernate.annotations.common.Version - HCANN000001: Hibernate Commons Annotations {5.0.4.Final}
2019-08-06 15:20:44.819 [main] INFO  org.hibernate.dialect.Dialect - HHH000400: Using dialect: org.hibernate.dialect.MySQL5Dialect
2019-08-06 15:20:46.210 [main] INFO  com.polycis.tcpservice.TcpserviceApplication - Started TcpserviceApplication in 5.247 seconds (JVM running for 6.692)
2019-08-06 15:20:46.241 [main] INFO  com.polycis.tcpservice.tcp.DiscardServer - 运行tcp端口：502
2019-08-06 15:23:03.391 [main] INFO  com.polycis.tcpservice.TcpserviceApplication - Starting TcpserviceApplication on zhouwenyu with PID 19600 (F:\JavaProject\tcpservice\target\classes started by Administrator in F:\JavaProject\tcpservice)
2019-08-06 15:23:03.397 [main] INFO  com.polycis.tcpservice.TcpserviceApplication - No active profile set, falling back to default profiles: default
2019-08-06 15:23:05.536 [main] INFO  org.apache.catalina.core.StandardService - Starting service [Tomcat]
2019-08-06 15:23:05.537 [main] INFO  org.apache.catalina.core.StandardEngine - Starting Servlet engine: [Apache Tomcat/9.0.21]
2019-08-06 15:23:05.699 [main] INFO  o.a.c.core.ContainerBase.[Tomcat].[localhost].[/] - Initializing Spring embedded WebApplicationContext
2019-08-06 15:23:05.906 [main] INFO  com.zaxxer.hikari.HikariDataSource - HikariPool-1 - Starting...
2019-08-06 15:23:06.204 [main] INFO  com.zaxxer.hikari.HikariDataSource - HikariPool-1 - Start completed.
2019-08-06 15:23:06.349 [main] INFO  org.hibernate.jpa.internal.util.LogHelper - HHH000204: Processing PersistenceUnitInfo [
	name: default
	...]
2019-08-06 15:23:06.414 [main] INFO  org.hibernate.Version - HHH000412: Hibernate Core {5.3.10.Final}
2019-08-06 15:23:06.417 [main] INFO  org.hibernate.cfg.Environment - HHH000206: hibernate.properties not found
2019-08-06 15:23:06.551 [main] INFO  org.hibernate.annotations.common.Version - HCANN000001: Hibernate Commons Annotations {5.0.4.Final}
2019-08-06 15:23:06.714 [main] INFO  org.hibernate.dialect.Dialect - HHH000400: Using dialect: org.hibernate.dialect.MySQL5Dialect
2019-08-06 15:23:08.163 [main] INFO  com.polycis.tcpservice.TcpserviceApplication - Started TcpserviceApplication in 5.818 seconds (JVM running for 7.267)
2019-08-06 15:23:08.215 [main] INFO  com.polycis.tcpservice.tcp.DiscardServer - 运行tcp端口：502
2019-08-06 15:23:45.909 [main] INFO  com.polycis.tcpservice.TcpserviceApplication - Starting TcpserviceApplication on zhouwenyu with PID 16644 (F:\JavaProject\tcpservice\target\classes started by Administrator in F:\JavaProject\tcpservice)
2019-08-06 15:23:45.915 [main] INFO  com.polycis.tcpservice.TcpserviceApplication - No active profile set, falling back to default profiles: default
2019-08-06 15:23:48.039 [main] INFO  org.apache.catalina.core.StandardService - Starting service [Tomcat]
2019-08-06 15:23:48.039 [main] INFO  org.apache.catalina.core.StandardEngine - Starting Servlet engine: [Apache Tomcat/9.0.21]
2019-08-06 15:23:48.171 [main] INFO  o.a.c.core.ContainerBase.[Tomcat].[localhost].[/] - Initializing Spring embedded WebApplicationContext
2019-08-06 15:23:48.367 [main] INFO  com.zaxxer.hikari.HikariDataSource - HikariPool-1 - Starting...
2019-08-06 15:23:48.642 [main] INFO  com.zaxxer.hikari.HikariDataSource - HikariPool-1 - Start completed.
2019-08-06 15:23:48.795 [main] INFO  org.hibernate.jpa.internal.util.LogHelper - HHH000204: Processing PersistenceUnitInfo [
	name: default
	...]
2019-08-06 15:23:48.860 [main] INFO  org.hibernate.Version - HHH000412: Hibernate Core {5.3.10.Final}
2019-08-06 15:23:48.862 [main] INFO  org.hibernate.cfg.Environment - HHH000206: hibernate.properties not found
2019-08-06 15:23:49.001 [main] INFO  org.hibernate.annotations.common.Version - HCANN000001: Hibernate Commons Annotations {5.0.4.Final}
2019-08-06 15:23:49.165 [main] INFO  org.hibernate.dialect.Dialect - HHH000400: Using dialect: org.hibernate.dialect.MySQL5Dialect
2019-08-06 15:23:50.632 [main] INFO  com.polycis.tcpservice.TcpserviceApplication - Started TcpserviceApplication in 5.784 seconds (JVM running for 7.532)
2019-08-06 15:23:50.676 [main] INFO  com.polycis.tcpservice.tcp.DiscardServer - 运行tcp端口：502
2019-08-06 15:23:52.952 [nioEventLoopGroup-3-1] INFO  com.polycis.tcpservice.tcp.ChildChannelHandler - 信息：有一TCP客户端链接到本服务端 Name:192.168.10.88 IP:192.168.10.88 Port:502
2019-08-06 15:23:54.517 [nioEventLoopGroup-3-1] INFO  com.polycis.tcpservice.tcp.DiscardServerHandler - 传输内容是
2019-08-06 15:23:54.517 [nioEventLoopGroup-3-1] INFO  com.polycis.tcpservice.tcp.DiscardServerHandler - 646f6e27742062652063617265
2019-08-06 15:23:54.518 [nioEventLoopGroup-3-1] INFO  com.polycis.tcpservice.tcp.DiscardServerHandler - 64 6f 6e 27 74 20 62 65 20 63 61 72 65
2019-08-06 15:23:54.518 [nioEventLoopGroup-3-1] INFO  com.polycis.tcpservice.tcp.DiscardServerHandler - don't be care
